[
Log: Target country is not adjacent to the source country., 
Log: Player1 Army cannot be advanced., 
Log: Source country does not belong to the current player., 
Log: 3 armies moved from Source to Target, 
Log: Armies remaining on source country India after airlift is 5, 
Log: Armies available on target country Canada after airlift is 5, 
Log: Abhi has successfully airlifted the number of armies: 5 from source country India to target country , 
Log: Abhi has successfully airlifted the number of armies: 5 from source country India to target country , 
Log: Bombing is successful on NeighboringCountry by TestPlayer, 
Log: Armies on NeighboringCountry after bombing is 5, 
Log: Invalid Bomb Order! by TestPlayer, 
Log: This country belongs to you, 
Log: Not having enough armies Abhi, 
Log: Player Abhi is having armies left = 3, 
Log: Invalid deploy order by Abhi, 
Log: This country does not belong to Abhi, 
Log: 5 Army Deployment is successful on India by Abhi, 
Log: Deployed armies on India is 7, 
Log: Not having enough armies Abhi, 
Log: Player Abhi is having armies left = 3, 
Log: Diplomacy applied by Player 1 on the player Player 2, 
Log: You cannot negotiate with yourself, 
Log: Diplomacy applied by Player 1 on the player Player 2, 
Log: Diplomacy applied by Player 1 on the player Player 2, 
Log: player Player 1doesn't have the diplomacy card! , 
Log: player Player 1doesn't have the diplomacy card! , 
Log: Invalid Diplomacy Order! by Player 1, 
Log: Blockade is successful on TestCountry by TestPlayer, 
Log: Armies on TestCountry after blockade is 0, 
Log: player TestPlayerdoesn't have the blockade card! , 
Log: Invalid Blockade Order! by TestPlayer, 
Log: Blockade is successful on TestCountry by TestPlayer, 
Log: Armies on TestCountry after blockade is 0, 
Log: Blockade is successful on TestCountry by TestPlayer, 
Log: Armies on TestCountry after blockade is 0, 
Log: player TestPlayerdoesn't have the blockade card! , 
Log: Assigning Acre to player1, 
Log: Assigning Amazonas to player2, 
Log: Assigning Rondonia to player1, 
Log: Assigning Roraima to player2, 
Log: Assigning Amapa to player1, 
Log: Assigning Para to player2, 
Log: Assigning Tocantins to player1, 
Log: Assigning Maranhao to player2, 
Log: Assigning Piaui to player1, 
Log: Assigning Ceara to player2, 
Log: Assigning Rio_Grande_do_Norte to player1, 
Log: Assigning Paraiba to player2, 
Log: Assigning Pernambuco to player1, 
Log: Assigning Alagoas to player2, 
Log: Assigning Sergipe to player1, 
Log: Assigning Bahia to player2, 
Log: Assigning Fernando_de_Noronha to player1, 
Log: Assigning Mato_Grosso to player2, 
Log: Assigning Mato_Grosso_do_Sul to player1, 
Log: Assigning Goias to player2, 
Log: Assigning Distrito_Federal to player1, 
Log: Assigning Minas_Gerais to player2, 
Log: Assigning Espirito_Santo to player1, 
Log: Assigning Rio_de_Janeiro to player2, 
Log: Assigning Sao_Paulo to player1, 
Log: Assigning Santa_Catarina to player2, 
Log: Assigning Parana to player1, 
Log: Assigning Rio_Grande_do_Sul to player2, 
Log: Target country is not adjacent to the source country., 
Log: Player1 Army cannot be advanced., 
Log: Source country does not belong to the current player., 
Log: 3 armies moved from Source to Target, 
Log: Armies remaining on source country India after airlift is 5, 
Log: Armies available on target country Canada after airlift is 5, 
Log: Abhi has successfully airlifted the number of armies: 5 from source country India to target country , 
Log: Abhi has successfully airlifted the number of armies: 5 from source country India to target country , 
Log: Bombing is successful on NeighboringCountry by TestPlayer, 
Log: Armies on NeighboringCountry after bombing is 5, 
Log: Invalid Bomb Order! by TestPlayer, 
Log: This country belongs to you, 
Log: Not having enough armies Abhi, 
Log: Player Abhi is having armies left = 3, 
Log: Invalid deploy order by Abhi, 
Log: This country does not belong to Abhi, 
Log: 5 Army Deployment is successful on India by Abhi, 
Log: Deployed armies on India is 7, 
Log: Not having enough armies Abhi, 
Log: Player Abhi is having armies left = 3, 
Log: Diplomacy applied by Player 1 on the player Player 2, 
Log: You cannot negotiate with yourself, 
Log: Diplomacy applied by Player 1 on the player Player 2, 
Log: Diplomacy applied by Player 1 on the player Player 2, 
Log: player Player 1doesn't have the diplomacy card! , 
Log: player Player 1doesn't have the diplomacy card! , 
Log: Invalid Diplomacy Order! by Player 1, 
Log: Blockade is successful on TestCountry by TestPlayer, 
Log: Armies on TestCountry after blockade is 0, 
Log: player TestPlayerdoesn't have the blockade card! , 
Log: Invalid Blockade Order! by TestPlayer, 
Log: Blockade is successful on TestCountry by TestPlayer, 
Log: Armies on TestCountry after blockade is 0, 
Log: Blockade is successful on TestCountry by TestPlayer, 
Log: Armies on TestCountry after blockade is 0, 
Log: player TestPlayerdoesn't have the blockade card! , 
Log: Currently in phase: MapEditor, 
Log: Currently in phase: MapEditor, 
Log: Currently in phase: MapEditor, 
Log: Currently in phase: MapEditor, 
Log: Currently in phase: MapEditor, 
Log: Currently in phase: MapEditor, 
Log: Currently in phase: MapEditor, 
Log: Currently in phase: MapEditor, 
Log: Currently in phase: MapEditor, 
Log: Currently in phase: MapEditor, 
Log: Currently in phase: MainPlay, 
Log: Currently in phase: MainPlay, 
Log: Currently in phase: MainPlay, 
Log: Currently in phase: MainPlay, 
Log: Currently in phase: MainPlay, 
Log: Currently in phase: MainPlay, 
Log: Currently in phase: MainPlay, 
Log: Currently in phase: MainPlay, 
Log: Currently in phase: MainPlay, 
Log: Currently in phase: Players, 
Log: Currently in phase: Players, 
Log: Currently in phase: Players, 
Log: Currently in phase: Players, 
Log: Currently in phase: Players, 
Log: Currently in phase: Players, 
Log: Currently in phase: Players, 
Log: Currently in phase: Players, 
Log: Currently in phase: Players, 
Log: Currently in phase: Players, 
Log: Assigning Acre to a, 
Log: Assigning Amazonas to b, 
Log: Assigning Rondonia to a, 
Log: Assigning Roraima to b, 
Log: Assigning Amapa to a, 
Log: Assigning Para to b, 
Log: Assigning Tocantins to a, 
Log: Assigning Maranhao to b, 
Log: Assigning Piaui to a, 
Log: Assigning Ceara to b, 
Log: Assigning Rio_Grande_do_Norte to a, 
Log: Assigning Paraiba to b, 
Log: Assigning Pernambuco to a, 
Log: Assigning Alagoas to b, 
Log: Assigning Sergipe to a, 
Log: Assigning Bahia to b, 
Log: Assigning Fernando_de_Noronha to a, 
Log: Assigning Mato_Grosso to b, 
Log: Assigning Mato_Grosso_do_Sul to a, 
Log: Assigning Goias to b, 
Log: Assigning Distrito_Federal to a, 
Log: Assigning Minas_Gerais to b, 
Log: Assigning Espirito_Santo to a, 
Log: Assigning Rio_de_Janeiro to b, 
Log: Assigning Sao_Paulo to a, 
Log: Assigning Santa_Catarina to b, 
Log: Assigning Parana to a, 
Log: Assigning Rio_Grande_do_Sul to b, 
Log: Currently in phase: MainPlay, 
Log: Currently in phase: MapEditor, 
Log: Currently in phase: MapEditor, 
Log: Currently in phase: MapEditor, 
Log: Currently in phase: MapEditor, 
Log: Currently in phase: MapEditor, 
Log: Currently in phase: MapEditor, 
Log: Currently in phase: MapEditor, 
Log: Currently in phase: MapEditor, 
Log: Currently in phase: MapEditor, 
Log: Currently in phase: MapEditor, 
Log: Currently in phase: MainPlay, 
Log: Currently in phase: MainPlay, 
Log: Currently in phase: MainPlay, 
Log: Currently in phase: MainPlay, 
Log: Currently in phase: MainPlay, 
Log: Currently in phase: MainPlay, 
Log: Currently in phase: MainPlay, 
Log: Currently in phase: MainPlay, 
Log: Currently in phase: MainPlay, 
Log: Currently in phase: Players, 
Log: Currently in phase: Players, 
Log: Currently in phase: Players, 
Log: Currently in phase: Players, 
Log: Currently in phase: Players, 
Log: Currently in phase: Players, 
Log: Currently in phase: Players, 
Log: Currently in phase: Players, 
Log: Currently in phase: Players, 
Log: Currently in phase: Players, 
Log: Assigning Acre to a, 
Log: Assigning Amazonas to b, 
Log: Assigning Rondonia to a, 
Log: Assigning Roraima to b, 
Log: Assigning Amapa to a, 
Log: Assigning Para to b, 
Log: Assigning Tocantins to a, 
Log: Assigning Maranhao to b, 
Log: Assigning Piaui to a, 
Log: Assigning Ceara to b, 
Log: Assigning Rio_Grande_do_Norte to a, 
Log: Assigning Paraiba to b, 
Log: Assigning Pernambuco to a, 
Log: Assigning Alagoas to b, 
Log: Assigning Sergipe to a, 
Log: Assigning Bahia to b, 
Log: Assigning Fernando_de_Noronha to a, 
Log: Assigning Mato_Grosso to b, 
Log: Assigning Mato_Grosso_do_Sul to a, 
Log: Assigning Goias to b, 
Log: Assigning Distrito_Federal to a, 
Log: Assigning Minas_Gerais to b, 
Log: Assigning Espirito_Santo to a, 
Log: Assigning Rio_de_Janeiro to b, 
Log: Assigning Sao_Paulo to a, 
Log: Assigning Santa_Catarina to b, 
Log: Assigning Parana to a, 
Log: Assigning Rio_Grande_do_Sul to b, 
Log: Currently in phase: MainPlay, 
Log: Assigning Acre to player1, 
Log: Assigning Amazonas to player2, 
Log: Assigning Rondonia to player1, 
Log: Assigning Roraima to player2, 
Log: Assigning Amapa to player1, 
Log: Assigning Para to player2, 
Log: Assigning Tocantins to player1, 
Log: Assigning Maranhao to player2, 
Log: Assigning Piaui to player1, 
Log: Assigning Ceara to player2, 
Log: Assigning Rio_Grande_do_Norte to player1, 
Log: Assigning Paraiba to player2, 
Log: Assigning Pernambuco to player1, 
Log: Assigning Alagoas to player2, 
Log: Assigning Sergipe to player1, 
Log: Assigning Bahia to player2, 
Log: Assigning Fernando_de_Noronha to player1, 
Log: Assigning Mato_Grosso to player2, 
Log: Assigning Mato_Grosso_do_Sul to player1, 
Log: Assigning Goias to player2, 
Log: Assigning Distrito_Federal to player1, 
Log: Assigning Minas_Gerais to player2, 
Log: Assigning Espirito_Santo to player1, 
Log: Assigning Rio_de_Janeiro to player2, 
Log: Assigning Sao_Paulo to player1, 
Log: Assigning Santa_Catarina to player2, 
Log: Assigning Parana to player1, 
Log: Assigning Rio_Grande_do_Sul to player2]